<?xml version="1.0" encoding="UTF-8"?>
<!-- Generated by org.testng.reporters.JUnitReportReporter -->
<testsuite skipped="0" hostname="Archana-PC" name="scripts.p1" tests="2" failures="0" timestamp="17 Dec 2019 03:15:53 GMT" time="55.835" errors="0">
  <testcase name="actitimeloginscript" time="27.077" classname="scripts.p1"/>
  <testcase name="actitimeloginscript" time="28.758" classname="scripts.p1"/>
</testsuite> <!-- scripts.p1 -->
