<?xml version="1.0" encoding="UTF-8"?>
<!-- Generated by org.testng.reporters.JUnitReportReporter -->
<testsuite skipped="0" hostname="Archana-PC" name="scripts.p2" tests="2" failures="0" timestamp="17 Dec 2019 03:15:53 GMT" time="68.388" errors="0">
  <testcase name="pomactilogin" time="35.074" classname="scripts.p2"/>
  <testcase name="pomactilogin" time="33.314" classname="scripts.p2"/>
</testsuite> <!-- scripts.p2 -->
